# JRE version: OpenJDK Runtime Environment Temurin-17.0.7+7 (17.0.7+7) (build 17.0.7+7)
# Java VM: OpenJDK 64-Bit Server VM Temurin-17.0.7+7 (17.0.7+7, mixed mode, tiered, compressed oops, compressed class ptrs, parallel gc, windows-amd64)
GC Precious Log:
 CPUs: 4 total, 4 available
 Memory: 14266M
 Large Page Support: Disabled
 NUMA Support: Disabled
 Compressed Oops: Enabled (32-bit)
 Alignments: Space 512K, Generation 512K, Heap 2M
 Heap Min Capacity: 100M
 Heap Initial Capacity: 100M
 Heap Max Capacity: 1G
 Pre-touch: Disabled
 Parallel Workers: 4
Heap:
 PSYoungGen      total 9216K, used 8772K [0x00000000eab00000, 0x00000000eb800000, 0x0000000100000000)
  eden space 8704K, 97% used [0x00000000eab00000,0x00000000eb351010,0x00000000eb380000)
  from space 512K, 50% used [0x00000000eb780000,0x00000000eb7c0000,0x00000000eb800000)
  to   space 512K, 0% used [0x00000000eb700000,0x00000000eb700000,0x00000000eb780000)
 ParOldGen       total 94720K, used 70858K [0x00000000c0000000, 0x00000000c5c80000, 0x00000000eab00000)
  object space 94720K, 74% used [0x00000000c0000000,0x00000000c4532a00,0x00000000c5c80000)
 Metaspace       used 77698K, committed 78784K, reserved 1179648K
  class space    used 10043K, committed 10560K, reserved 1048576K
GC Heap History (20 events):
Event: 267.520 GC heap before
{Heap before GC invocations=62 (full 4):
 PSYoungGen      total 11264K, used 8704K [0x00000000eab00000, 0x00000000eb880000, 0x0000000100000000)
  eden space 8704K, 100% used [0x00000000eab00000,0x00000000eb380000,0x00000000eb380000)
  from space 2560K, 0% used [0x00000000eb600000,0x00000000eb600000,0x00000000eb880000)
  to   space 2560K, 0% used [0x00000000eb380000,0x00000000eb380000,0x00000000eb600000)
 ParOldGen       total 94720K, used 65473K [0x00000000c0000000, 0x00000000c5c80000, 0x00000000eab00000)
  object space 94720K, 69% used [0x00000000c0000000,0x00000000c3ff0790,0x00000000c5c80000)
 Metaspace       used 72672K, committed 73728K, reserved 1114112K
  class space    used 9241K, committed 9728K, reserved 1048576K
}
Event: 267.522 GC heap after
{Heap after GC invocations=62 (full 4):
 PSYoungGen      total 9216K, used 352K [0x00000000eab00000, 0x00000000eb680000, 0x0000000100000000)
  eden space 8704K, 0% used [0x00000000eab00000,0x00000000eab00000,0x00000000eb380000)
  from space 512K, 68% used [0x00000000eb380000,0x00000000eb3d8000,0x00000000eb400000)
  to   space 1024K, 0% used [0x00000000eb580000,0x00000000eb580000,0x00000000eb680000)
 ParOldGen       total 94720K, used 65473K [0x00000000c0000000, 0x00000000c5c80000, 0x00000000eab00000)
  object space 94720K, 69% used [0x00000000c0000000,0x00000000c3ff0790,0x00000000c5c80000)
 Metaspace       used 72672K, committed 73728K, reserved 1114112K
  class space    used 9241K, committed 9728K, reserved 1048576K
}
Event: 267.763 GC heap before
{Heap before GC invocations=63 (full 4):
 PSYoungGen      total 9216K, used 9056K [0x00000000eab00000, 0x00000000eb680000, 0x0000000100000000)
  eden space 8704K, 100% used [0x00000000eab00000,0x00000000eb380000,0x00000000eb380000)
  from space 512K, 68% used [0x00000000eb380000,0x00000000eb3d8000,0x00000000eb400000)
  to   space 1024K, 0% used [0x00000000eb580000,0x00000000eb580000,0x00000000eb680000)
 ParOldGen       total 94720K, used 65473K [0x00000000c0000000, 0x00000000c5c80000, 0x00000000eab00000)
  object space 94720K, 69% used [0x00000000c0000000,0x00000000c3ff0790,0x00000000c5c80000)
 Metaspace       used 73185K, committed 74240K, reserved 1114112K
  class space    used 9309K, committed 9792K, reserved 1048576K
}
Event: 267.764 GC heap after
{Heap after GC invocations=63 (full 4):
 PSYoungGen      total 9216K, used 224K [0x00000000eab00000, 0x00000000eb600000, 0x0000000100000000)
  eden space 8704K, 0% used [0x00000000eab00000,0x00000000eab00000,0x00000000eb380000)
  from space 512K, 43% used [0x00000000eb580000,0x00000000eb5b8000,0x00000000eb600000)
  to   space 512K, 0% used [0x00000000eb380000,0x00000000eb380000,0x00000000eb400000)
 ParOldGen       total 94720K, used 65741K [0x00000000c0000000, 0x00000000c5c80000, 0x00000000eab00000)
  object space 94720K, 69% used [0x00000000c0000000,0x00000000c40337a0,0x00000000c5c80000)
 Metaspace       used 73185K, committed 74240K, reserved 1114112K
  class space    used 9309K, committed 9792K, reserved 1048576K
}
Event: 269.973 GC heap before
{Heap before GC invocations=64 (full 4):
 PSYoungGen      total 9216K, used 8928K [0x00000000eab00000, 0x00000000eb600000, 0x0000000100000000)
  eden space 8704K, 100% used [0x00000000eab00000,0x00000000eb380000,0x00000000eb380000)
  from space 512K, 43% used [0x00000000eb580000,0x00000000eb5b8000,0x00000000eb600000)
  to   space 512K, 0% used [0x00000000eb380000,0x00000000eb380000,0x00000000eb400000)
 ParOldGen       total 94720K, used 65741K [0x00000000c0000000, 0x00000000c5c80000, 0x00000000eab00000)
  object space 94720K, 69% used [0x00000000c0000000,0x00000000c40337a0,0x00000000c5c80000)
 Metaspace       used 73190K, committed 74240K, reserved 1114112K
  class space    used 9309K, committed 9792K, reserved 1048576K
}
Event: 269.974 GC heap after
{Heap after GC invocations=64 (full 4):
 PSYoungGen      total 9216K, used 224K [0x00000000eab00000, 0x00000000eb600000, 0x0000000100000000)
  eden space 8704K, 0% used [0x00000000eab00000,0x00000000eab00000,0x00000000eb380000)
  from space 512K, 43% used [0x00000000eb380000,0x00000000eb3b8000,0x00000000eb400000)
  to   space 512K, 0% used [0x00000000eb580000,0x00000000eb580000,0x00000000eb600000)
 ParOldGen       total 94720K, used 65942K [0x00000000c0000000, 0x00000000c5c80000, 0x00000000eab00000)
  object space 94720K, 69% used [0x00000000c0000000,0x00000000c4065b40,0x00000000c5c80000)
 Metaspace       used 73190K, committed 74240K, reserved 1114112K
  class space    used 9309K, committed 9792K, reserved 1048576K
}
Event: 272.357 GC heap before
{Heap before GC invocations=65 (full 4):
 PSYoungGen      total 9216K, used 8928K [0x00000000eab00000, 0x00000000eb600000, 0x0000000100000000)
  eden space 8704K, 100% used [0x00000000eab00000,0x00000000eb380000,0x00000000eb380000)
  from space 512K, 43% used [0x00000000eb380000,0x00000000eb3b8000,0x00000000eb400000)
  to   space 512K, 0% used [0x00000000eb580000,0x00000000eb580000,0x00000000eb600000)
 ParOldGen       total 94720K, used 65942K [0x00000000c0000000, 0x00000000c5c80000, 0x00000000eab00000)
  object space 94720K, 69% used [0x00000000c0000000,0x00000000c4065b40,0x00000000c5c80000)
 Metaspace       used 73194K, committed 74240K, reserved 1114112K
  class space    used 9309K, committed 9792K, reserved 1048576K
}
Event: 272.358 GC heap after
{Heap after GC invocations=65 (full 4):
 PSYoungGen      total 9216K, used 224K [0x00000000eab00000, 0x00000000eb600000, 0x0000000100000000)
  eden space 8704K, 0% used [0x00000000eab00000,0x00000000eab00000,0x00000000eb380000)
  from space 512K, 43% used [0x00000000eb580000,0x00000000eb5b8000,0x00000000eb600000)
  to   space 512K, 0% used [0x00000000eb380000,0x00000000eb380000,0x00000000eb400000)
 ParOldGen       total 94720K, used 66110K [0x00000000c0000000, 0x00000000c5c80000, 0x00000000eab00000)
  object space 94720K, 69% used [0x00000000c0000000,0x00000000c408fb40,0x00000000c5c80000)
 Metaspace       used 73194K, committed 74240K, reserved 1114112K
  class space    used 9309K, committed 9792K, reserved 1048576K
}
Event: 274.021 GC heap before
{Heap before GC invocations=66 (full 4):
 PSYoungGen      total 9216K, used 8928K [0x00000000eab00000, 0x00000000eb600000, 0x0000000100000000)
  eden space 8704K, 100% used [0x00000000eab00000,0x00000000eb380000,0x00000000eb380000)
  from space 512K, 43% used [0x00000000eb580000,0x00000000eb5b8000,0x00000000eb600000)
  to   space 512K, 0% used [0x00000000eb380000,0x00000000eb380000,0x00000000eb400000)
 ParOldGen       total 94720K, used 66110K [0x00000000c0000000, 0x00000000c5c80000, 0x00000000eab00000)
  object space 94720K, 69% used [0x00000000c0000000,0x00000000c408fb40,0x00000000c5c80000)
 Metaspace       used 73199K, committed 74240K, reserved 1114112K
  class space    used 9309K, committed 9792K, reserved 1048576K
}
Event: 274.024 GC heap after
{Heap after GC invocations=66 (full 4):
 PSYoungGen      total 9216K, used 490K [0x00000000eab00000, 0x00000000ebc80000, 0x0000000100000000)
  eden space 8704K, 0% used [0x00000000eab00000,0x00000000eab00000,0x00000000eb380000)
  from space 512K, 95% used [0x00000000eb380000,0x00000000eb3fab50,0x00000000eb400000)
  to   space 4608K, 0% used [0x00000000eb800000,0x00000000eb800000,0x00000000ebc80000)
 ParOldGen       total 94720K, used 69432K [0x00000000c0000000, 0x00000000c5c80000, 0x00000000eab00000)
  object space 94720K, 73% used [0x00000000c0000000,0x00000000c43ce3f0,0x00000000c5c80000)
 Metaspace       used 73199K, committed 74240K, reserved 1114112K
  class space    used 9309K, committed 9792K, reserved 1048576K
}
Event: 274.146 GC heap before
{Heap before GC invocations=67 (full 4):
 PSYoungGen      total 9216K, used 9194K [0x00000000eab00000, 0x00000000ebc80000, 0x0000000100000000)
  eden space 8704K, 100% used [0x00000000eab00000,0x00000000eb380000,0x00000000eb380000)
  from space 512K, 95% used [0x00000000eb380000,0x00000000eb3fab50,0x00000000eb400000)
  to   space 4608K, 0% used [0x00000000eb800000,0x00000000eb800000,0x00000000ebc80000)
 ParOldGen       total 94720K, used 69432K [0x00000000c0000000, 0x00000000c5c80000, 0x00000000eab00000)
  object space 94720K, 73% used [0x00000000c0000000,0x00000000c43ce3f0,0x00000000c5c80000)
 Metaspace       used 73537K, committed 74624K, reserved 1114112K
  class space    used 9397K, committed 9920K, reserved 1048576K
}
Event: 274.147 GC heap after
{Heap after GC invocations=67 (full 4):
 PSYoungGen      total 9216K, used 416K [0x00000000eab00000, 0x00000000eb880000, 0x0000000100000000)
  eden space 8704K, 0% used [0x00000000eab00000,0x00000000eab00000,0x00000000eb380000)
  from space 512K, 81% used [0x00000000eb800000,0x00000000eb868000,0x00000000eb880000)
  to   space 2048K, 0% used [0x00000000eb480000,0x00000000eb480000,0x00000000eb680000)
 ParOldGen       total 94720K, used 69922K [0x00000000c0000000, 0x00000000c5c80000, 0x00000000eab00000)
  object space 94720K, 73% used [0x00000000c0000000,0x00000000c44489a0,0x00000000c5c80000)
 Metaspace       used 73537K, committed 74624K, reserved 1114112K
  class space    used 9397K, committed 9920K, reserved 1048576K
}
Event: 274.306 GC heap before
{Heap before GC invocations=68 (full 4):
 PSYoungGen      total 9216K, used 9120K [0x00000000eab00000, 0x00000000eb880000, 0x0000000100000000)
  eden space 8704K, 100% used [0x00000000eab00000,0x00000000eb380000,0x00000000eb380000)
  from space 512K, 81% used [0x00000000eb800000,0x00000000eb868000,0x00000000eb880000)
  to   space 2048K, 0% used [0x00000000eb480000,0x00000000eb480000,0x00000000eb680000)
 ParOldGen       total 94720K, used 69922K [0x00000000c0000000, 0x00000000c5c80000, 0x00000000eab00000)
  object space 94720K, 73% used [0x00000000c0000000,0x00000000c44489a0,0x00000000c5c80000)
 Metaspace       used 74429K, committed 75456K, reserved 1179648K
  class space    used 9560K, committed 10048K, reserved 1048576K
}
Event: 274.307 GC heap after
{Heap after GC invocations=68 (full 4):
 PSYoungGen      total 10752K, used 256K [0x00000000eab00000, 0x00000000eb880000, 0x0000000100000000)
  eden space 8704K, 0% used [0x00000000eab00000,0x00000000eab00000,0x00000000eb380000)
  from space 2048K, 12% used [0x00000000eb480000,0x00000000eb4c0020,0x00000000eb680000)
  to   space 1024K, 0% used [0x00000000eb780000,0x00000000eb780000,0x00000000eb880000)
 ParOldGen       total 94720K, used 70274K [0x00000000c0000000, 0x00000000c5c80000, 0x00000000eab00000)
  object space 94720K, 74% used [0x00000000c0000000,0x00000000c44a09b0,0x00000000c5c80000)
 Metaspace       used 74429K, committed 75456K, reserved 1179648K
  class space    used 9560K, committed 10048K, reserved 1048576K
}
Event: 274.484 GC heap before
{Heap before GC invocations=69 (full 4):
 PSYoungGen      total 10752K, used 8960K [0x00000000eab00000, 0x00000000eb880000, 0x0000000100000000)
  eden space 8704K, 100% used [0x00000000eab00000,0x00000000eb380000,0x00000000eb380000)
  from space 2048K, 12% used [0x00000000eb480000,0x00000000eb4c0020,0x00000000eb680000)
  to   space 1024K, 0% used [0x00000000eb780000,0x00000000eb780000,0x00000000eb880000)
 ParOldGen       total 94720K, used 70274K [0x00000000c0000000, 0x00000000c5c80000, 0x00000000eab00000)
  object space 94720K, 74% used [0x00000000c0000000,0x00000000c44a09b0,0x00000000c5c80000)
 Metaspace       used 75308K, committed 76416K, reserved 1179648K
  class space    used 9714K, committed 10240K, reserved 1048576K
}
Event: 274.486 GC heap after
{Heap after GC invocations=69 (full 4):
 PSYoungGen      total 9216K, used 256K [0x00000000eab00000, 0x00000000eb800000, 0x0000000100000000)
  eden space 8704K, 0% used [0x00000000eab00000,0x00000000eab00000,0x00000000eb380000)
  from space 512K, 50% used [0x00000000eb780000,0x00000000eb7c0000,0x00000000eb800000)
  to   space 512K, 0% used [0x00000000eb700000,0x00000000eb700000,0x00000000eb780000)
 ParOldGen       total 94720K, used 70474K [0x00000000c0000000, 0x00000000c5c80000, 0x00000000eab00000)
  object space 94720K, 74% used [0x00000000c0000000,0x00000000c44d29f0,0x00000000c5c80000)
 Metaspace       used 75308K, committed 76416K, reserved 1179648K
  class space    used 9714K, committed 10240K, reserved 1048576K
}
Event: 274.684 GC heap before
{Heap before GC invocations=70 (full 4):
 PSYoungGen      total 9216K, used 8960K [0x00000000eab00000, 0x00000000eb800000, 0x0000000100000000)
  eden space 8704K, 100% used [0x00000000eab00000,0x00000000eb380000,0x00000000eb380000)
  from space 512K, 50% used [0x00000000eb780000,0x00000000eb7c0000,0x00000000eb800000)
  to   space 512K, 0% used [0x00000000eb700000,0x00000000eb700000,0x00000000eb780000)
 ParOldGen       total 94720K, used 70474K [0x00000000c0000000, 0x00000000c5c80000, 0x00000000eab00000)
  object space 94720K, 74% used [0x00000000c0000000,0x00000000c44d29f0,0x00000000c5c80000)
 Metaspace       used 76315K, committed 77376K, reserved 1179648K
  class space    used 9865K, committed 10368K, reserved 1048576K
}
Event: 274.685 GC heap after
{Heap after GC invocations=70 (full 4):
 PSYoungGen      total 9216K, used 224K [0x00000000eab00000, 0x00000000eb800000, 0x0000000100000000)
  eden space 8704K, 0% used [0x00000000eab00000,0x00000000eab00000,0x00000000eb380000)
  from space 512K, 43% used [0x00000000eb700000,0x00000000eb738000,0x00000000eb780000)
  to   space 512K, 0% used [0x00000000eb780000,0x00000000eb780000,0x00000000eb800000)
 ParOldGen       total 94720K, used 70666K [0x00000000c0000000, 0x00000000c5c80000, 0x00000000eab00000)
  object space 94720K, 74% used [0x00000000c0000000,0x00000000c45029f0,0x00000000c5c80000)
 Metaspace       used 76315K, committed 77376K, reserved 1179648K
  class space    used 9865K, committed 10368K, reserved 1048576K
}
Event: 275.300 GC heap before
{Heap before GC invocations=71 (full 4):
 PSYoungGen      total 9216K, used 8928K [0x00000000eab00000, 0x00000000eb800000, 0x0000000100000000)
  eden space 8704K, 100% used [0x00000000eab00000,0x00000000eb380000,0x00000000eb380000)
  from space 512K, 43% used [0x00000000eb700000,0x00000000eb738000,0x00000000eb780000)
  to   space 512K, 0% used [0x00000000eb780000,0x00000000eb780000,0x00000000eb800000)
 ParOldGen       total 94720K, used 70666K [0x00000000c0000000, 0x00000000c5c80000, 0x00000000eab00000)
  object space 94720K, 74% used [0x00000000c0000000,0x00000000c45029f0,0x00000000c5c80000)
 Metaspace       used 77160K, committed 78208K, reserved 1179648K
  class space    used 9994K, committed 10496K, reserved 1048576K
}
Event: 275.301 GC heap after
{Heap after GC invocations=71 (full 4):
 PSYoungGen      total 9216K, used 256K [0x00000000eab00000, 0x00000000eb800000, 0x0000000100000000)
  eden space 8704K, 0% used [0x00000000eab00000,0x00000000eab00000,0x00000000eb380000)
  from space 512K, 50% used [0x00000000eb780000,0x00000000eb7c0000,0x00000000eb800000)
  to   space 512K, 0% used [0x00000000eb700000,0x00000000eb700000,0x00000000eb780000)
 ParOldGen       total 94720K, used 70858K [0x00000000c0000000, 0x00000000c5c80000, 0x00000000eab00000)
  object space 94720K, 74% used [0x00000000c0000000,0x00000000c4532a00,0x00000000c5c80000)
 Metaspace       used 77160K, committed 78208K, reserved 1179648K
  class space    used 9994K, committed 10496K, reserved 1048576K
}

