# JRE version: Java(TM) SE Runtime Environment (8.0_361) (build 1.8.0_361-b09)
# Java VM: Java HotSpot(TM) 64-Bit Server VM (25.361-b09 mixed mode windows-amd64 compressed oops)
Heap:
 PSYoungGen      total 121344K, used 22755K [0x00000000d5580000, 0x00000000e3280000, 0x0000000100000000)
  eden space 108544K, 20% used [0x00000000d5580000,0x00000000d6bb8ff8,0x00000000dbf80000)
  from space 12800K, 0% used [0x00000000dbf80000,0x00000000dbf80000,0x00000000dcc00000)
  to   space 14848K, 0% used [0x00000000e2400000,0x00000000e2400000,0x00000000e3280000)
 ParOldGen       total 75264K, used 20860K [0x0000000080000000, 0x0000000084980000, 0x00000000d5580000)
  object space 75264K, 27% used [0x0000000080000000,0x000000008145f050,0x0000000084980000)
 Metaspace       used 38209K, capacity 39842K, committed 40064K, reserved 1083392K
  class space    used 5556K, capacity 5910K, committed 6016K, reserved 1048576K
GC Heap History (10 events):
Event: 4.582 GC heap before
{Heap before GC invocations=5 (full 0):
 PSYoungGen      total 67072K, used 10967K [0x00000000d5580000, 0x00000000dd880000, 0x0000000100000000)
  eden space 57856K, 3% used [0x00000000d5580000,0x00000000d57397e8,0x00000000d8e00000)
  from space 9216K, 99% used [0x00000000d9700000,0x00000000d9ffc720,0x00000000da000000)
  to   space 9216K, 0% used [0x00000000d8e00000,0x00000000d8e00000,0x00000000d9700000)
 ParOldGen       total 153088K, used 2684K [0x0000000080000000, 0x0000000089580000, 0x00000000d5580000)
  object space 153088K, 1% used [0x0000000080000000,0x000000008029f3d0,0x0000000089580000)
 Metaspace       used 20430K, capacity 21156K, committed 21296K, reserved 1067008K
  class space    used 3029K, capacity 3194K, committed 3200K, reserved 1048576K
Event: 4.587 GC heap after
Heap after GC invocations=5 (full 0):
 PSYoungGen      total 67072K, used 7832K [0x00000000d5580000, 0x00000000ddf80000, 0x0000000100000000)
  eden space 57856K, 0% used [0x00000000d5580000,0x00000000d5580000,0x00000000d8e00000)
  from space 9216K, 84% used [0x00000000d8e00000,0x00000000d95a63b8,0x00000000d9700000)
  to   space 12800K, 0% used [0x00000000dd300000,0x00000000dd300000,0x00000000ddf80000)
 ParOldGen       total 153088K, used 2692K [0x0000000080000000, 0x0000000089580000, 0x00000000d5580000)
  object space 153088K, 1% used [0x0000000080000000,0x00000000802a13d0,0x0000000089580000)
 Metaspace       used 20430K, capacity 21156K, committed 21296K, reserved 1067008K
  class space    used 3029K, capacity 3194K, committed 3200K, reserved 1048576K
}
Event: 4.587 GC heap before
{Heap before GC invocations=6 (full 1):
 PSYoungGen      total 67072K, used 7832K [0x00000000d5580000, 0x00000000ddf80000, 0x0000000100000000)
  eden space 57856K, 0% used [0x00000000d5580000,0x00000000d5580000,0x00000000d8e00000)
  from space 9216K, 84% used [0x00000000d8e00000,0x00000000d95a63b8,0x00000000d9700000)
  to   space 12800K, 0% used [0x00000000dd300000,0x00000000dd300000,0x00000000ddf80000)
 ParOldGen       total 153088K, used 2692K [0x0000000080000000, 0x0000000089580000, 0x00000000d5580000)
  object space 153088K, 1% used [0x0000000080000000,0x00000000802a13d0,0x0000000089580000)
 Metaspace       used 20430K, capacity 21156K, committed 21296K, reserved 1067008K
  class space    used 3029K, capacity 3194K, committed 3200K, reserved 1048576K
Event: 4.622 GC heap after
Heap after GC invocations=6 (full 1):
 PSYoungGen      total 67072K, used 0K [0x00000000d5580000, 0x00000000ddf80000, 0x0000000100000000)
  eden space 57856K, 0% used [0x00000000d5580000,0x00000000d5580000,0x00000000d8e00000)
  from space 9216K, 0% used [0x00000000d8e00000,0x00000000d8e00000,0x00000000d9700000)
  to   space 12800K, 0% used [0x00000000dd300000,0x00000000dd300000,0x00000000ddf80000)
 ParOldGen       total 75264K, used 8246K [0x0000000080000000, 0x0000000084980000, 0x00000000d5580000)
  object space 75264K, 10% used [0x0000000080000000,0x000000008080d9b0,0x0000000084980000)
 Metaspace       used 20430K, capacity 21156K, committed 21296K, reserved 1067008K
  class space    used 3029K, capacity 3194K, committed 3200K, reserved 1048576K
}
Event: 5.531 GC heap before
{Heap before GC invocations=7 (full 1):
 PSYoungGen      total 67072K, used 57856K [0x00000000d5580000, 0x00000000ddf80000, 0x0000000100000000)
  eden space 57856K, 100% used [0x00000000d5580000,0x00000000d8e00000,0x00000000d8e00000)
  from space 9216K, 0% used [0x00000000d8e00000,0x00000000d8e00000,0x00000000d9700000)
  to   space 12800K, 0% used [0x00000000dd300000,0x00000000dd300000,0x00000000ddf80000)
 ParOldGen       total 75264K, used 8246K [0x0000000080000000, 0x0000000084980000, 0x00000000d5580000)
  object space 75264K, 10% used [0x0000000080000000,0x000000008080d9b0,0x0000000084980000)
 Metaspace       used 24478K, capacity 25650K, committed 25728K, reserved 1071104K
  class space    used 3647K, capacity 3927K, committed 3968K, reserved 1048576K
Event: 5.540 GC heap after
Heap after GC invocations=7 (full 1):
 PSYoungGen      total 113152K, used 5377K [0x00000000d5580000, 0x00000000dd880000, 0x0000000100000000)
  eden space 107520K, 0% used [0x00000000d5580000,0x00000000d5580000,0x00000000dbe80000)
  from space 5632K, 95% used [0x00000000dd300000,0x00000000dd8404f0,0x00000000dd880000)
  to   space 12800K, 0% used [0x00000000dbf80000,0x00000000dbf80000,0x00000000dcc00000)
 ParOldGen       total 75264K, used 8254K [0x0000000080000000, 0x0000000084980000, 0x00000000d5580000)
  object space 75264K, 10% used [0x0000000080000000,0x000000008080f9b0,0x0000000084980000)
 Metaspace       used 24478K, capacity 25650K, committed 25728K, reserved 1071104K
  class space    used 3647K, capacity 3927K, committed 3968K, reserved 1048576K
}
Event: 7.745 GC heap before
{Heap before GC invocations=8 (full 1):
 PSYoungGen      total 113152K, used 112883K [0x00000000d5580000, 0x00000000dd880000, 0x0000000100000000)
  eden space 107520K, 99% used [0x00000000d5580000,0x00000000dbe7ca78,0x00000000dbe80000)
  from space 5632K, 95% used [0x00000000dd300000,0x00000000dd8404f0,0x00000000dd880000)
  to   space 12800K, 0% used [0x00000000dbf80000,0x00000000dbf80000,0x00000000dcc00000)
 ParOldGen       total 75264K, used 8254K [0x0000000080000000, 0x0000000084980000, 0x00000000d5580000)
  object space 75264K, 10% used [0x0000000080000000,0x000000008080f9b0,0x0000000084980000)
 Metaspace       used 33822K, capacity 35320K, committed 35456K, reserved 1079296K
  class space    used 5024K, capacity 5396K, committed 5504K, reserved 1048576K
Event: 7.763 GC heap after
Heap after GC invocations=8 (full 1):
 PSYoungGen      total 121344K, used 12778K [0x00000000d5580000, 0x00000000e3280000, 0x0000000100000000)
  eden space 108544K, 0% used [0x00000000d5580000,0x00000000d5580000,0x00000000dbf80000)
  from space 12800K, 99% used [0x00000000dbf80000,0x00000000dcbfa920,0x00000000dcc00000)
  to   space 14848K, 0% used [0x00000000e2400000,0x00000000e2400000,0x00000000e3280000)
 ParOldGen       total 75264K, used 9248K [0x0000000080000000, 0x0000000084980000, 0x00000000d5580000)
  object space 75264K, 12% used [0x0000000080000000,0x0000000080908260,0x0000000084980000)
 Metaspace       used 33822K, capacity 35320K, committed 35456K, reserved 1079296K
  class space    used 5024K, capacity 5396K, committed 5504K, reserved 1048576K
}
Event: 7.763 GC heap before
{Heap before GC invocations=9 (full 2):
 PSYoungGen      total 121344K, used 12778K [0x00000000d5580000, 0x00000000e3280000, 0x0000000100000000)
  eden space 108544K, 0% used [0x00000000d5580000,0x00000000d5580000,0x00000000dbf80000)
  from space 12800K, 99% used [0x00000000dbf80000,0x00000000dcbfa920,0x00000000dcc00000)
  to   space 14848K, 0% used [0x00000000e2400000,0x00000000e2400000,0x00000000e3280000)
 ParOldGen       total 75264K, used 9248K [0x0000000080000000, 0x0000000084980000, 0x00000000d5580000)
  object space 75264K, 12% used [0x0000000080000000,0x0000000080908260,0x0000000084980000)
 Metaspace       used 33822K, capacity 35320K, committed 35456K, reserved 1079296K
  class space    used 5024K, capacity 5396K, committed 5504K, reserved 1048576K
Event: 7.844 GC heap after
Heap after GC invocations=9 (full 2):
 PSYoungGen      total 121344K, used 0K [0x00000000d5580000, 0x00000000e3280000, 0x0000000100000000)
  eden space 108544K, 0% used [0x00000000d5580000,0x00000000d5580000,0x00000000dbf80000)
  from space 12800K, 0% used [0x00000000dbf80000,0x00000000dbf80000,0x00000000dcc00000)
  to   space 14848K, 0% used [0x00000000e2400000,0x00000000e2400000,0x00000000e3280000)
 ParOldGen       total 75264K, used 20860K [0x0000000080000000, 0x0000000084980000, 0x00000000d5580000)
  object space 75264K, 27% used [0x0000000080000000,0x000000008145f050,0x0000000084980000)
 Metaspace       used 33821K, capacity 35314K, committed 35456K, reserved 1079296K
  class space    used 5023K, capacity 5395K, committed 5504K, reserved 1048576K
}

