# JRE version: Java(TM) SE Runtime Environment (8.0_361) (build 1.8.0_361-b09)
# Java VM: Java HotSpot(TM) 64-Bit Server VM (25.361-b09 mixed mode windows-amd64 compressed oops)
Heap:
 PSYoungGen      total 544256K, used 144438K [0x00000000d5580000, 0x00000000f8200000, 0x0000000100000000)
  eden space 521728K, 27% used [0x00000000d5580000,0x00000000de08d968,0x00000000f5300000)
  from space 22528K, 9% used [0x00000000f6c00000,0x00000000f6e00010,0x00000000f8200000)
  to   space 24064K, 0% used [0x00000000f5300000,0x00000000f5300000,0x00000000f6a80000)
 ParOldGen       total 110592K, used 51717K [0x0000000080000000, 0x0000000086c00000, 0x00000000d5580000)
  object space 110592K, 46% used [0x0000000080000000,0x00000000832817b0,0x0000000086c00000)
 Metaspace       used 43302K, capacity 45784K, committed 46080K, reserved 1089536K
  class space    used 6086K, capacity 6607K, committed 6656K, reserved 1048576K
GC Heap History (10 events):
Event: 44.671 GC heap before
{Heap before GC invocations=10 (full 2):
 PSYoungGen      total 240640K, used 238794K [0x00000000d5580000, 0x00000000ef200000, 0x0000000100000000)
  eden space 220672K, 100% used [0x00000000d5580000,0x00000000e2d00000,0x00000000e2d00000)
  from space 19968K, 90% used [0x00000000e2d00000,0x00000000e3eb2b28,0x00000000e4080000)
  to   space 22016K, 0% used [0x00000000edc80000,0x00000000edc80000,0x00000000ef200000)
 ParOldGen       total 110592K, used 29246K [0x0000000080000000, 0x0000000086c00000, 0x00000000d5580000)
  object space 110592K, 26% used [0x0000000080000000,0x0000000081c8f810,0x0000000086c00000)
 Metaspace       used 43223K, capacity 45690K, committed 45824K, reserved 1089536K
  class space    used 6078K, capacity 6596K, committed 6656K, reserved 1048576K
Event: 44.701 GC heap after
Heap after GC invocations=10 (full 2):
 PSYoungGen      total 398848K, used 17858K [0x00000000d5580000, 0x00000000ef500000, 0x0000000100000000)
  eden space 376832K, 0% used [0x00000000d5580000,0x00000000d5580000,0x00000000ec580000)
  from space 22016K, 81% used [0x00000000edc80000,0x00000000eedf08b8,0x00000000ef200000)
  to   space 23552K, 0% used [0x00000000ec580000,0x00000000ec580000,0x00000000edc80000)
 ParOldGen       total 110592K, used 29246K [0x0000000080000000, 0x0000000086c00000, 0x00000000d5580000)
  object space 110592K, 26% used [0x0000000080000000,0x0000000081c8f810,0x0000000086c00000)
 Metaspace       used 43223K, capacity 45690K, committed 45824K, reserved 1089536K
  class space    used 6078K, capacity 6596K, committed 6656K, reserved 1048576K
}
Event: 46.384 GC heap before
{Heap before GC invocations=11 (full 2):
 PSYoungGen      total 398848K, used 394690K [0x00000000d5580000, 0x00000000ef500000, 0x0000000100000000)
  eden space 376832K, 100% used [0x00000000d5580000,0x00000000ec580000,0x00000000ec580000)
  from space 22016K, 81% used [0x00000000edc80000,0x00000000eedf08b8,0x00000000ef200000)
  to   space 23552K, 0% used [0x00000000ec580000,0x00000000ec580000,0x00000000edc80000)
 ParOldGen       total 110592K, used 29246K [0x0000000080000000, 0x0000000086c00000, 0x00000000d5580000)
  object space 110592K, 26% used [0x0000000080000000,0x0000000081c8f810,0x0000000086c00000)
 Metaspace       used 43240K, capacity 45690K, committed 45824K, reserved 1089536K
  class space    used 6078K, capacity 6596K, committed 6656K, reserved 1048576K
Event: 46.416 GC heap after
Heap after GC invocations=11 (full 2):
 PSYoungGen      total 400384K, used 10306K [0x00000000d5580000, 0x00000000ef500000, 0x0000000100000000)
  eden space 376832K, 0% used [0x00000000d5580000,0x00000000d5580000,0x00000000ec580000)
  from space 23552K, 43% used [0x00000000ec580000,0x00000000ecf90878,0x00000000edc80000)
  to   space 22016K, 0% used [0x00000000edc80000,0x00000000edc80000,0x00000000ef200000)
 ParOldGen       total 110592K, used 38350K [0x0000000080000000, 0x0000000086c00000, 0x00000000d5580000)
  object space 110592K, 34% used [0x0000000080000000,0x0000000082573ab8,0x0000000086c00000)
 Metaspace       used 43240K, capacity 45690K, committed 45824K, reserved 1089536K
  class space    used 6078K, capacity 6596K, committed 6656K, reserved 1048576K
}
Event: 47.454 GC heap before
{Heap before GC invocations=12 (full 2):
 PSYoungGen      total 400384K, used 387138K [0x00000000d5580000, 0x00000000ef500000, 0x0000000100000000)
  eden space 376832K, 100% used [0x00000000d5580000,0x00000000ec580000,0x00000000ec580000)
  from space 23552K, 43% used [0x00000000ec580000,0x00000000ecf90878,0x00000000edc80000)
  to   space 22016K, 0% used [0x00000000edc80000,0x00000000edc80000,0x00000000ef200000)
 ParOldGen       total 110592K, used 38350K [0x0000000080000000, 0x0000000086c00000, 0x00000000d5580000)
  object space 110592K, 34% used [0x0000000080000000,0x0000000082573ab8,0x0000000086c00000)
 Metaspace       used 43281K, capacity 45716K, committed 45824K, reserved 1089536K
  class space    used 6085K, capacity 6607K, committed 6656K, reserved 1048576K
Event: 47.466 GC heap after
Heap after GC invocations=12 (full 2):
 PSYoungGen      total 398848K, used 2688K [0x00000000d5580000, 0x00000000f8700000, 0x0000000100000000)
  eden space 376832K, 0% used [0x00000000d5580000,0x00000000d5580000,0x00000000ec580000)
  from space 22016K, 12% used [0x00000000edc80000,0x00000000edf20020,0x00000000ef200000)
  to   space 23552K, 0% used [0x00000000ec580000,0x00000000ec580000,0x00000000edc80000)
 ParOldGen       total 110592K, used 47053K [0x0000000080000000, 0x0000000086c00000, 0x00000000d5580000)
  object space 110592K, 42% used [0x0000000080000000,0x0000000082df3780,0x0000000086c00000)
 Metaspace       used 43281K, capacity 45716K, committed 45824K, reserved 1089536K
  class space    used 6085K, capacity 6607K, committed 6656K, reserved 1048576K
}
Event: 48.707 GC heap before
{Heap before GC invocations=13 (full 2):
 PSYoungGen      total 398848K, used 379520K [0x00000000d5580000, 0x00000000f8700000, 0x0000000100000000)
  eden space 376832K, 100% used [0x00000000d5580000,0x00000000ec580000,0x00000000ec580000)
  from space 22016K, 12% used [0x00000000edc80000,0x00000000edf20020,0x00000000ef200000)
  to   space 23552K, 0% used [0x00000000ec580000,0x00000000ec580000,0x00000000edc80000)
 ParOldGen       total 110592K, used 47053K [0x0000000080000000, 0x0000000086c00000, 0x00000000d5580000)
  object space 110592K, 42% used [0x0000000080000000,0x0000000082df3780,0x0000000086c00000)
 Metaspace       used 43297K, capacity 45784K, committed 46080K, reserved 1089536K
  class space    used 6086K, capacity 6607K, committed 6656K, reserved 1048576K
Event: 48.723 GC heap after
Heap after GC invocations=13 (full 2):
 PSYoungGen      total 400384K, used 2384K [0x00000000d5580000, 0x00000000f8380000, 0x0000000100000000)
  eden space 376832K, 0% used [0x00000000d5580000,0x00000000d5580000,0x00000000ec580000)
  from space 23552K, 10% used [0x00000000ec580000,0x00000000ec7d4030,0x00000000edc80000)
  to   space 24064K, 0% used [0x00000000f6c00000,0x00000000f6c00000,0x00000000f8380000)
 ParOldGen       total 110592K, used 49585K [0x0000000080000000, 0x0000000086c00000, 0x00000000d5580000)
  object space 110592K, 44% used [0x0000000080000000,0x000000008306c790,0x0000000086c00000)
 Metaspace       used 43297K, capacity 45784K, committed 46080K, reserved 1089536K
  class space    used 6086K, capacity 6607K, committed 6656K, reserved 1048576K
}
Event: 50.031 GC heap before
{Heap before GC invocations=14 (full 2):
 PSYoungGen      total 400384K, used 379216K [0x00000000d5580000, 0x00000000f8380000, 0x0000000100000000)
  eden space 376832K, 100% used [0x00000000d5580000,0x00000000ec580000,0x00000000ec580000)
  from space 23552K, 10% used [0x00000000ec580000,0x00000000ec7d4030,0x00000000edc80000)
  to   space 24064K, 0% used [0x00000000f6c00000,0x00000000f6c00000,0x00000000f8380000)
 ParOldGen       total 110592K, used 49585K [0x0000000080000000, 0x0000000086c00000, 0x00000000d5580000)
  object space 110592K, 44% used [0x0000000080000000,0x000000008306c790,0x0000000086c00000)
 Metaspace       used 43301K, capacity 45784K, committed 46080K, reserved 1089536K
  class space    used 6086K, capacity 6607K, committed 6656K, reserved 1048576K
Event: 50.053 GC heap after
Heap after GC invocations=14 (full 2):
 PSYoungGen      total 544256K, used 2048K [0x00000000d5580000, 0x00000000f8200000, 0x0000000100000000)
  eden space 521728K, 0% used [0x00000000d5580000,0x00000000d5580000,0x00000000f5300000)
  from space 22528K, 9% used [0x00000000f6c00000,0x00000000f6e00010,0x00000000f8200000)
  to   space 24064K, 0% used [0x00000000f5300000,0x00000000f5300000,0x00000000f6a80000)
 ParOldGen       total 110592K, used 51717K [0x0000000080000000, 0x0000000086c00000, 0x00000000d5580000)
  object space 110592K, 46% used [0x0000000080000000,0x00000000832817b0,0x0000000086c00000)
 Metaspace       used 43301K, capacity 45784K, committed 46080K, reserved 1089536K
  class space    used 6086K, capacity 6607K, committed 6656K, reserved 1048576K
}

